[INFO] Scanning for projects...
[INFO] 
[INFO] -----------------< com.expensetracker:expense-tracker >-----------------
[INFO] Building expense-tracker 0.0.1-SNAPSHOT
[INFO]   from pom.xml
[INFO] --------------------------------[ jar ]---------------------------------
[INFO] 
[INFO] --- resources:3.3.1:resources (default-resources) @ expense-tracker ---
[INFO] Copying 1 resource from src\main\resources to target\classes
[INFO] Copying 0 resource from src\main\resources to target\classes
[INFO] 
[INFO] --- compiler:3.14.1:compile (default-compile) @ expense-tracker ---
[INFO] Recompiling the module because of changed source code.
[INFO] Compiling 33 source files with javac [debug parameters release 17] to target\classes
[INFO] -------------------------------------------------------------
[ERROR] COMPILATION ERROR : 
[INFO] -------------------------------------------------------------
[ERROR] /C:/Users/DELL/Desktop/Ledgerly app/backend/expense-tracker/src/main/java/com/expensetracker/expense_tracker/controller/TransactionController.java:[4,50] cannot find symbol
  symbol:   class Transactionservice
  location: package com.expensetracker.expense_tracker.service
[ERROR] /C:/Users/DELL/Desktop/Ledgerly app/backend/expense-tracker/src/main/java/com/expensetracker/expense_tracker/controller/TransactionController.java:[16,19] cannot find symbol
  symbol:   class Transactionservice
  location: class com.expensetracker.expense_tracker.controller.TransactionController
[ERROR] /C:/Users/DELL/Desktop/Ledgerly app/backend/expense-tracker/src/main/java/com/expensetracker/expense_tracker/controller/TransactionController.java:[18,34] cannot find symbol
  symbol:   class Transactionservice
  location: class com.expensetracker.expense_tracker.controller.TransactionController
[INFO] 3 errors 
[INFO] -------------------------------------------------------------
[INFO] ------------------------------------------------------------------------
[INFO] BUILD FAILURE
[INFO] ------------------------------------------------------------------------
[INFO] Total time:  3.044 s
[INFO] Finished at: 2026-03-20T23:24:44+05:30
[INFO] ------------------------------------------------------------------------
[ERROR] Failed to execute goal org.apache.maven.plugins:maven-compiler-plugin:3.14.1:compile (default-compile) on project expense-tracker: Compilation failure: Compilation failure: 
[ERROR] /C:/Users/DELL/Desktop/Ledgerly app/backend/expense-tracker/src/main/java/com/expensetracker/expense_tracker/controller/TransactionController.java:[4,50] cannot find symbol
[ERROR]   symbol:   class Transactionservice
[ERROR]   location: package com.expensetracker.expense_tracker.service
[ERROR] /C:/Users/DELL/Desktop/Ledgerly app/backend/expense-tracker/src/main/java/com/expensetracker/expense_tracker/controller/TransactionController.java:[16,19] cannot find symbol
[ERROR]   symbol:   class Transactionservice
[ERROR]   location: class com.expensetracker.expense_tracker.controller.TransactionController
[ERROR] /C:/Users/DELL/Desktop/Ledgerly app/backend/expense-tracker/src/main/java/com/expensetracker/expense_tracker/controller/TransactionController.java:[18,34] cannot find symbol
[ERROR]   symbol:   class Transactionservice
[ERROR]   location: class com.expensetracker.expense_tracker.controller.TransactionController
[ERROR] -> [Help 1]
[ERROR] 
[ERROR] To see the full stack trace of the errors, re-run Maven with the -e switch.
[ERROR] Re-run Maven using the -X switch to enable full debug logging.
[ERROR] 
[ERROR] For more information about the errors and possible solutions, please read the following articles:
[ERROR] [Help 1] http://cwiki.apache.org/confluence/display/MAVEN/MojoFailureException
