[INFO] Scanning for projects...
[INFO] 
[INFO] -----------------< com.expensetracker:expense-tracker >-----------------
[INFO] Building expense-tracker 0.0.1-SNAPSHOT
[INFO]   from pom.xml
[INFO] --------------------------------[ jar ]---------------------------------
[INFO] 
[INFO] --- resources:3.3.1:resources (default-resources) @ expense-tracker ---
[INFO] Copying 1 resource from src\main\resources to target\classes
[INFO] Copying 0 resource from src\main\resources to target\classes
[INFO] 
[INFO] --- compiler:3.14.1:compile (default-compile) @ expense-tracker ---
[INFO] Recompiling the module because of changed source code.
[INFO] Compiling 33 source files with javac [debug parameters release 17] to target\classes
[INFO] /C:/Users/DELL/Desktop/Ledgerly app/backend/expense-tracker/src/main/java/com/expensetracker/expense_tracker/security/JwtService.java: C:\Users\DELL\Desktop\Ledgerly app\backend\expense-tracker\src\main\java\com\expensetracker\expense_tracker\security\JwtService.java uses or overrides a deprecated API.
[INFO] /C:/Users/DELL/Desktop/Ledgerly app/backend/expense-tracker/src/main/java/com/expensetracker/expense_tracker/security/JwtService.java: Recompile with -Xlint:deprecation for details.
[INFO] /C:/Users/DELL/Desktop/Ledgerly app/backend/expense-tracker/src/main/java/com/expensetracker/expense_tracker/service/TransactionService.java: C:\Users\DELL\Desktop\Ledgerly app\backend\expense-tracker\src\main\java\com\expensetracker\expense_tracker\service\TransactionService.java uses unchecked or unsafe operations.
[INFO] /C:/Users/DELL/Desktop/Ledgerly app/backend/expense-tracker/src/main/java/com/expensetracker/expense_tracker/service/TransactionService.java: Recompile with -Xlint:unchecked for details.
[INFO] ------------------------------------------------------------------------
[INFO] BUILD SUCCESS
[INFO] ------------------------------------------------------------------------
[INFO] Total time:  3.676 s
[INFO] Finished at: 2026-03-20T23:26:10+05:30
[INFO] ------------------------------------------------------------------------
